[2025-06-11 14:50:04] === ZAČÁTEK renderForm ===
--------------------------------------------------------------------------------
[2025-06-11 14:50:04] id_object: 1
--------------------------------------------------------------------------------
[2025-06-11 14:50:04] REQUEST_METHOD: GET
--------------------------------------------------------------------------------
[2025-06-11 14:50:04] submitAddtechnologie submit: NE
--------------------------------------------------------------------------------
[2025-06-11 14:50:04] Technologie pro editaci načtena: Sítotisk
--------------------------------------------------------------------------------
[2025-06-11 14:50:04] Data pro šablonu | Data: Array
(
    [name] => Sítotisk
    [description] => Tradiční technika potisku vhodná pro větší náklady. Vynikající kvalita a trvanlivost.
    [image] => 
    [position] => 1
    [active] => 1
    [image_url] => 
)

--------------------------------------------------------------------------------
[2025-06-11 14:50:04] === KONEC renderForm ===
--------------------------------------------------------------------------------
[2025-06-11 14:50:22] === ZAČÁTEK renderForm ===
--------------------------------------------------------------------------------
[2025-06-11 14:50:22] id_object: 1
--------------------------------------------------------------------------------
[2025-06-11 14:50:22] REQUEST_METHOD: GET
--------------------------------------------------------------------------------
[2025-06-11 14:50:22] submitAddtechnologie submit: NE
--------------------------------------------------------------------------------
[2025-06-11 14:50:22] Technologie pro editaci načtena: Sítotisk
--------------------------------------------------------------------------------
[2025-06-11 14:50:22] Data pro šablonu | Data: Array
(
    [name] => Sítotisk
    [description] => Tradiční technika potisku vhodná pro větší náklady. Vynikající kvalita a trvanlivost.
    [image] => 
    [position] => 1
    [active] => 1
    [image_url] => 
)

--------------------------------------------------------------------------------
[2025-06-11 14:50:22] === KONEC renderForm ===
--------------------------------------------------------------------------------
[2025-06-11 14:53:34] === ZAČÁTEK renderForm ===
--------------------------------------------------------------------------------
[2025-06-11 14:53:34] id_object: 1
--------------------------------------------------------------------------------
[2025-06-11 14:53:34] REQUEST_METHOD: GET
--------------------------------------------------------------------------------
[2025-06-11 14:53:34] submitAddtechnologie submit: NE
--------------------------------------------------------------------------------
[2025-06-11 14:53:34] Technologie pro editaci načtena: Sítotisk
--------------------------------------------------------------------------------
[2025-06-11 14:53:34] Data pro šablonu | Data: Array
(
    [name] => Sítotisk
    [description] => Tradiční technika potisku vhodná pro větší náklady. Vynikající kvalita a trvanlivost.
    [image] => 
    [position] => 1
    [active] => 1
    [image_url] => 
)

--------------------------------------------------------------------------------
[2025-06-11 14:53:34] === KONEC renderForm ===
--------------------------------------------------------------------------------
[2025-06-11 14:53:44] === ZAČÁTEK renderForm ===
--------------------------------------------------------------------------------
[2025-06-11 14:53:44] id_object: 1
--------------------------------------------------------------------------------
[2025-06-11 14:53:44] REQUEST_METHOD: POST
--------------------------------------------------------------------------------
[2025-06-11 14:53:44] submitAddtechnologie submit: NE
--------------------------------------------------------------------------------
[2025-06-11 14:53:44] Technologie pro editaci načtena: Sítotisk
--------------------------------------------------------------------------------
[2025-06-11 14:53:44] Data pro šablonu | Data: Array
(
    [name] => Sítotisk
    [description] => Tradiční technika potisku vhodná pro větší náklady. Vynikající kvalita a trvanlivost.
    [image] => 
    [position] => 1
    [active] => 1
    [image_url] => 
)

--------------------------------------------------------------------------------
[2025-06-11 14:53:44] === KONEC renderForm ===
--------------------------------------------------------------------------------
[2025-06-11 14:54:50] === ZAČÁTEK renderForm ===
--------------------------------------------------------------------------------
[2025-06-11 14:54:50] id_object: 1
--------------------------------------------------------------------------------
[2025-06-11 14:54:50] REQUEST_METHOD: POST
--------------------------------------------------------------------------------
[2025-06-11 14:54:50] submitAddtechnologie submit: NE
--------------------------------------------------------------------------------
[2025-06-11 14:54:50] Technologie pro editaci načtena: Sítotisk
--------------------------------------------------------------------------------
[2025-06-11 14:54:50] Data pro šablonu | Data: Array
(
    [name] => Sítotisk
    [description] => Tradiční technika potisku vhodná pro větší náklady. Vynikající kvalita a trvanlivost.
    [image] => 
    [position] => 1
    [active] => 1
    [image_url] => 
)

--------------------------------------------------------------------------------
[2025-06-11 14:54:50] === KONEC renderForm ===
--------------------------------------------------------------------------------
[2025-06-11 15:00:06] === ZAČÁTEK renderForm ===
--------------------------------------------------------------------------------
[2025-06-11 15:00:06] id_object: 1
--------------------------------------------------------------------------------
[2025-06-11 15:00:06] REQUEST_METHOD: GET
--------------------------------------------------------------------------------
[2025-06-11 15:00:06] submitAddtechnologie submit: NE
--------------------------------------------------------------------------------
[2025-06-11 15:00:06] Technologie pro editaci načtena: Sítotisk
--------------------------------------------------------------------------------
[2025-06-11 15:00:06] Data pro šablonu | Data: Array
(
    [name] => Sítotisk
    [description] => Tradiční technika potisku vhodná pro větší náklady. Vynikající kvalita a trvanlivost.
    [image] => 
    [position] => 1
    [active] => 1
    [image_url] => 
)

--------------------------------------------------------------------------------
[2025-06-11 15:00:06] === KONEC renderForm ===
--------------------------------------------------------------------------------
[2025-06-11 15:00:12] === ZAČÁTEK renderForm ===
--------------------------------------------------------------------------------
[2025-06-11 15:00:12] id_object: 1
--------------------------------------------------------------------------------
[2025-06-11 15:00:12] REQUEST_METHOD: POST
--------------------------------------------------------------------------------
[2025-06-11 15:00:12] submitAddtechnologie submit: NE
--------------------------------------------------------------------------------
[2025-06-11 15:00:12] Technologie pro editaci načtena: Sítotisk
--------------------------------------------------------------------------------
[2025-06-11 15:00:12] Data pro šablonu | Data: Array
(
    [name] => Sítotisk
    [description] => Tradiční technika potisku vhodná pro větší náklady. Vynikající kvalita a trvanlivost.
    [image] => 
    [position] => 1
    [active] => 1
    [image_url] => 
)

--------------------------------------------------------------------------------
[2025-06-11 15:00:12] === KONEC renderForm ===
--------------------------------------------------------------------------------
[2025-06-11 15:01:27] === ZAČÁTEK renderForm ===
--------------------------------------------------------------------------------
[2025-06-11 15:01:27] id_object: 1
--------------------------------------------------------------------------------
[2025-06-11 15:01:27] REQUEST_METHOD: GET
--------------------------------------------------------------------------------
[2025-06-11 15:01:27] submitAddtechnologie submit: NE
--------------------------------------------------------------------------------
[2025-06-11 15:01:27] Technologie pro editaci načtena: Sítotisk
--------------------------------------------------------------------------------
[2025-06-11 15:01:27] Data pro šablonu | Data: Array
(
    [name] => Sítotisk
    [description] => Tradiční technika potisku vhodná pro větší náklady. Vynikající kvalita a trvanlivost.
    [image] => 
    [position] => 1
    [active] => 1
    [image_url] => 
)

--------------------------------------------------------------------------------
[2025-06-11 15:01:27] === KONEC renderForm ===
--------------------------------------------------------------------------------
[2025-06-11 15:01:34] === ZAČÁTEK renderForm ===
--------------------------------------------------------------------------------
[2025-06-11 15:01:34] id_object: 1
--------------------------------------------------------------------------------
[2025-06-11 15:01:34] REQUEST_METHOD: POST
--------------------------------------------------------------------------------
[2025-06-11 15:01:34] submitAddtechnologie submit: NE
--------------------------------------------------------------------------------
[2025-06-11 15:01:34] Technologie pro editaci načtena: Sítotisk
--------------------------------------------------------------------------------
[2025-06-11 15:01:34] Data pro šablonu | Data: Array
(
    [name] => Sítotisk
    [description] => Tradiční technika potisku vhodná pro větší náklady. Vynikající kvalita a trvanlivost.
    [image] => 
    [position] => 1
    [active] => 1
    [image_url] => 
)

--------------------------------------------------------------------------------
[2025-06-11 15:01:34] === KONEC renderForm ===
--------------------------------------------------------------------------------
[2025-06-11 15:04:08] === ZAČÁTEK renderForm ===
--------------------------------------------------------------------------------
[2025-06-11 15:04:08] id_object: 1
--------------------------------------------------------------------------------
[2025-06-11 15:04:08] REQUEST_METHOD: GET
--------------------------------------------------------------------------------
[2025-06-11 15:04:08] submitAddtechnologie submit: NE
--------------------------------------------------------------------------------
[2025-06-11 15:04:08] Technologie pro editaci načtena: Sítotisk
--------------------------------------------------------------------------------
[2025-06-11 15:04:08] Data pro šablonu | Data: Array
(
    [name] => Sítotisk
    [description] => Tradiční technika potisku vhodná pro větší náklady. Vynikající kvalita a trvanlivost.
    [image] => 
    [position] => 1
    [active] => 1
    [image_url] => 
)

--------------------------------------------------------------------------------
[2025-06-11 15:04:08] === KONEC renderForm ===
--------------------------------------------------------------------------------
[2025-06-11 15:04:13] === ZAČÁTEK renderForm ===
--------------------------------------------------------------------------------
[2025-06-11 15:04:13] id_object: 1
--------------------------------------------------------------------------------
[2025-06-11 15:04:13] REQUEST_METHOD: POST
--------------------------------------------------------------------------------
[2025-06-11 15:04:13] submitAddtechnologie submit: NE
--------------------------------------------------------------------------------
[2025-06-11 15:04:13] Technologie pro editaci načtena: Sítotisk
--------------------------------------------------------------------------------
[2025-06-11 15:04:13] Data pro šablonu | Data: Array
(
    [name] => Sítotisk
    [description] => Tradiční technika potisku vhodná pro větší náklady. Vynikající kvalita a trvanlivost.
    [image] => 
    [position] => 1
    [active] => 1
    [image_url] => 
)

--------------------------------------------------------------------------------
[2025-06-11 15:04:13] === KONEC renderForm ===
--------------------------------------------------------------------------------
